
> nextn@0.1.0 typecheck
> tsc --noEmit

src/app/account/_actions/dashboard.ts(116,9): error TS2322: Type '{ id: string; type: ActivityType; description: string; metadata: Record<string, unknown>; }[]' is not assignable to type 'UserActivityItem[]'.
  Property 'timestamp' is missing in type '{ id: string; type: ActivityType; description: string; metadata: Record<string, unknown> | undefined; }' but required in type 'UserActivityItem'.
src/app/account/_actions/dashboard.ts(184,11): error TS2561: Object literal may only specify known properties, but 'product' does not exist in type 'quote_linesInclude<DefaultArgs>'. Did you mean to write 'products'?
src/app/account/_components/UserStatsCards.tsx(43,17): error TS2339: Property 'label' does not exist on type 'StatCard'.
src/app/account/_components/UserStatsCards.tsx(46,50): error TS2339: Property 'status' does not exist on type 'StatCard'.
src/app/account/_components/UserStatsCards.tsx(47,19): error TS2339: Property 'status' does not exist on type 'StatCard'.
src/app/account/_components/UserStatsCards.tsx(55,51): error TS2339: Property 'total' does not exist on type 'StatCard'.
src/app/account/_components/UserStatsCards.tsx(57,33): error TS2339: Property 'change' does not exist on type 'StatCard'.
src/app/account/_components/UserStatsCards.tsx(58,20): error TS2339: Property 'change' does not exist on type 'StatCard'.
src/app/account/_components/UserStatsCards.tsx(60,17): error TS2339: Property 'changePeriod' does not exist on type 'StatCard'.
src/app/account/settings/SettingsClient.tsx(164,39): error TS2352: Conversion of type '{ id: number; phone: string; createdAt: Date; updatedAt: Date; companyId: number; isDefault: boolean; type: AddressType; label: string; contactPerson: string; addressLine1: string; ... 5 more ...; userId: number; }' to type 'Address' may be a mistake because neither type sufficiently overlaps with the other. If this was intentional, convert the expression to 'unknown' first.
  Property 'street' is missing in type '{ id: number; phone: string; createdAt: Date; updatedAt: Date; companyId: number; isDefault: boolean; type: AddressType; label: string; contactPerson: string; addressLine1: string; ... 5 more ...; userId: number; }' but required in type 'Address'.
src/app/admin/AdminDashboardClient.tsx(376,77): error TS2339: Property 'lines' does not exist on type 'Quote'.
src/app/admin/_actions/activities.ts(288,32): error TS2820: Type '"draft"' is not assignable to type 'QuoteStatus'. Did you mean '"DRAFT"'?
src/app/admin/_actions/activities.ts(288,41): error TS2820: Type '"pending"' is not assignable to type 'QuoteStatus'. Did you mean '"PENDING"'?
src/app/admin/_actions/activities.ts(338,3): error TS2322: Type '{ data: { userId: string; email: any; firstName: any; lastName: any; id: number; createdAt: Date; updatedAt: Date; status: $Enums.QuoteStatus; notes: string | null; ... 6 more ...; rejectionReason: string | null; }[]; total: number; offset: number; limit: number; hasMore: boolean; }' is not assignable to type 'PaginatedResult<QuoteActivityResult>'.
  Types of property 'data' are incompatible.
    Type '{ userId: string; email: any; firstName: any; lastName: any; id: number; createdAt: Date; updatedAt: Date; status: QuoteStatus; notes: string; reference: string; totalAmount: Decimal; ... 4 more ...; rejectionReason: string; }[]' is not assignable to type 'QuoteActivityResult[]'.
      Property 'total' is missing in type '{ userId: string; email: any; firstName: any; lastName: any; id: number; createdAt: Date; updatedAt: Date; status: $Enums.QuoteStatus; notes: string | null; reference: string; ... 5 more ...; rejectionReason: string | null; }' but required in type 'QuoteActivityResult'.
src/app/admin/_actions/activities.ts(345,15): error TS2322: Type '{ status: string; }' is not assignable to type 'quotesWhereInput'.
  Types of property 'status' are incompatible.
    Type 'string' is not assignable to type 'QuoteStatus | EnumQuoteStatusFilter<"quotes">'.
src/app/admin/_actions/activities.ts(353,17): error TS2353: Object literal may only specify known properties, and 'total' does not exist in type 'quotesSelect<DefaultArgs>'.
src/app/admin/_actions/activities.ts(373,35): error TS2322: Type '{ status: string; }' is not assignable to type 'quotesWhereInput'.
  Types of property 'status' are incompatible.
    Type 'string' is not assignable to type 'QuoteStatus | EnumQuoteStatusFilter<"quotes">'.
src/app/admin/_actions/activities.ts(381,20): error TS2339: Property 'user' does not exist on type '{ id: number; createdAt: Date; updatedAt: Date; userId: number; status: QuoteStatus; notes: string; reference: string; totalAmount: Decimal; internalNotes: string; validUntil: Date; acceptedAt: Date; rejectedAt: Date; rejectionReason: string; }'.
src/app/admin/_actions/activities.ts(382,24): error TS2339: Property 'user' does not exist on type '{ id: number; createdAt: Date; updatedAt: Date; userId: number; status: QuoteStatus; notes: string; reference: string; totalAmount: Decimal; internalNotes: string; validUntil: Date; acceptedAt: Date; rejectedAt: Date; rejectionReason: string; }'.
src/app/admin/_actions/activities.ts(383,23): error TS2339: Property 'user' does not exist on type '{ id: number; createdAt: Date; updatedAt: Date; userId: number; status: QuoteStatus; notes: string; reference: string; totalAmount: Decimal; internalNotes: string; validUntil: Date; acceptedAt: Date; rejectedAt: Date; rejectionReason: string; }'.
src/app/admin/_actions/activities.ts(424,24): error TS2820: Type '"customer"' is not assignable to type 'UserRole | EnumUserRoleFilter<"users">'. Did you mean '"CUSTOMER"'?
src/app/admin/_actions/activities.ts(444,43): error TS2820: Type '"customer"' is not assignable to type 'UserRole | EnumUserRoleFilter<"users">'. Did you mean '"CUSTOMER"'?
src/app/admin/_actions/activities.ts(480,3): error TS2322: Type '{ data: { id: number; email: string; status: string; subscribedAt: Date; unsubscribedAt: Date; }[]; total: number; offset: number; limit: number; hasMore: boolean; }' is not assignable to type 'PaginatedResult<NewsletterSubData>'.
  Types of property 'data' are incompatible.
    Type '{ id: number; email: string; status: string; subscribedAt: Date; unsubscribedAt: Date; }[]' is not assignable to type 'NewsletterSubData[]'.
      Type '{ id: number; email: string; status: string; subscribedAt: Date; unsubscribedAt: Date; }' is not assignable to type 'NewsletterSubData'.
        Types of property 'id' are incompatible.
          Type 'number' is not assignable to type 'string'.
src/app/admin/_actions/activities.ts(537,3): error TS2322: Type '{ data: { id: number; email: string | null; createdAt: Date; updatedAt: Date; userId: number | null; data: JsonValue; status: $Enums.FormSubmissionStatus; formType: string; }[]; total: number; offset: number; limit: number; hasMore: boolean; }' is not assignable to type 'PaginatedResult<FormSubmissionResult>'.
  Types of property 'data' are incompatible.
    Type '{ id: number; email: string; createdAt: Date; updatedAt: Date; userId: number; data: JsonValue; status: FormSubmissionStatus; formType: string; }[]' is not assignable to type 'FormSubmissionResult[]'.
      Type '{ id: number; email: string; createdAt: Date; updatedAt: Date; userId: number; data: JsonValue; status: FormSubmissionStatus; formType: string; }' is missing the following properties from type 'FormSubmissionResult': submittedAt, ipAddress
src/app/admin/_actions/activities.ts(546,26): error TS2353: Object literal may only specify known properties, and 'submittedAt' does not exist in type 'form_submissionsOrderByWithRelationInput | form_submissionsOrderByWithRelationInput[]'.
src/app/admin/_actions/activities.ts(551,17): error TS2353: Object literal may only specify known properties, and 'submittedAt' does not exist in type 'form_submissionsSelect<DefaultArgs>'.
src/app/admin/_actions/activities.ts(593,18): error TS2322: Type 'string' is not assignable to type 'number'.
src/app/admin/_actions/activities.ts(594,17): error TS2322: Type 'string' is not assignable to type 'FormSubmissionStatus | EnumFormSubmissionStatusFieldUpdateOperationsInput'.
src/app/admin/_actions/customers.ts(22,16): error TS2339: Property 'customer' does not exist on type 'PrismaClient<PrismaClientOptions, never, DefaultArgs>'.
src/app/admin/_actions/customers.ts(44,16): error TS2339: Property 'customer' does not exist on type 'PrismaClient<PrismaClientOptions, never, DefaultArgs>'.
src/app/admin/_actions/customers.ts(59,16): error TS2339: Property 'customer' does not exist on type 'PrismaClient<PrismaClientOptions, never, DefaultArgs>'.
src/app/admin/_actions/forms.ts(19,16): error TS2322: Type 'string' is not assignable to type 'number'.
src/app/admin/_actions/forms.ts(21,9): error TS2820: Type '"responded"' is not assignable to type 'FormSubmissionStatus | EnumFormSubmissionStatusFieldUpdateOperationsInput'. Did you mean '"RESPONDED"'?
src/app/admin/_actions/forms.ts(30,9): error TS2353: Object literal may only specify known properties, and 'data' does not exist in type '(Without<analytics_eventsCreateInput, analytics_eventsUncheckedCreateInput> & analytics_eventsUncheckedCreateInput) | (Without<...> & analytics_eventsCreateInput)'.
src/app/admin/_actions/forms.ts(55,16): error TS2322: Type 'string' is not assignable to type 'number'.
src/app/admin/_actions/forms.ts(57,9): error TS2322: Type '"spam"' is not assignable to type 'FormSubmissionStatus | EnumFormSubmissionStatusFieldUpdateOperationsInput'.
src/app/admin/_actions/forms.ts(81,16): error TS2322: Type 'string' is not assignable to type 'number'.
src/app/admin/_actions/forms.ts(89,9): error TS2353: Object literal may only specify known properties, and 'data' does not exist in type '(Without<analytics_eventsCreateInput, analytics_eventsUncheckedCreateInput> & analytics_eventsUncheckedCreateInput) | (Without<...> & analytics_eventsCreateInput)'.
src/app/admin/_actions/forms.ts(119,16): error TS2322: Type 'string' is not assignable to type 'number'.
src/app/admin/_actions/forms.ts(121,9): error TS2322: Type 'string' is not assignable to type 'FormSubmissionStatus | EnumFormSubmissionStatusFieldUpdateOperationsInput'.
src/app/admin/_actions/forms.ts(145,16): error TS2322: Type 'string' is not assignable to type 'number'.
src/app/admin/_actions/forms.ts(147,9): error TS2322: Type '"archived"' is not assignable to type 'FormSubmissionStatus | EnumFormSubmissionStatusFieldUpdateOperationsInput'.
src/app/admin/_actions/newsletter.ts(19,16): error TS2322: Type 'string' is not assignable to type 'number'.
src/app/admin/_actions/newsletter.ts(31,9): error TS2353: Object literal may only specify known properties, and 'data' does not exist in type '(Without<analytics_eventsCreateInput, analytics_eventsUncheckedCreateInput> & analytics_eventsUncheckedCreateInput) | (Without<...> & analytics_eventsCreateInput)'.
src/app/admin/_actions/newsletter.ts(56,16): error TS2322: Type 'string' is not assignable to type 'number'.
src/app/admin/_actions/newsletter.ts(68,9): error TS2353: Object literal may only specify known properties, and 'data' does not exist in type '(Without<analytics_eventsCreateInput, analytics_eventsUncheckedCreateInput> & analytics_eventsUncheckedCreateInput) | (Without<...> & analytics_eventsCreateInput)'.
src/app/admin/_actions/newsletter.ts(93,16): error TS2322: Type 'string' is not assignable to type 'number'.
src/app/admin/_actions/newsletter.ts(97,16): error TS2322: Type 'string' is not assignable to type 'number'.
src/app/admin/_actions/newsletter.ts(105,9): error TS2353: Object literal may only specify known properties, and 'data' does not exist in type '(Without<analytics_eventsCreateInput, analytics_eventsUncheckedCreateInput> & analytics_eventsUncheckedCreateInput) | (Without<...> & analytics_eventsCreateInput)'.
src/app/admin/_actions/newsletter.ts(148,9): error TS2353: Object literal may only specify known properties, and 'data' does not exist in type '(Without<analytics_eventsCreateInput, analytics_eventsUncheckedCreateInput> & analytics_eventsUncheckedCreateInput) | (Without<...> & analytics_eventsCreateInput)'.
src/app/admin/_actions/newsletter.ts(198,9): error TS2353: Object literal may only specify known properties, and 'data' does not exist in type '(Without<analytics_eventsCreateInput, analytics_eventsUncheckedCreateInput> & analytics_eventsUncheckedCreateInput) | (Without<...> & analytics_eventsCreateInput)'.
src/app/admin/_actions/orders.ts(23,9): error TS2353: Object literal may only specify known properties, and 'buyerContactEmail' does not exist in type 'quotesSelect<DefaultArgs>'.
src/app/admin/_actions/orders.ts(35,5): error TS2322: Type '{ id: number; reference: string; buyerContactEmail: any; buyerContactPhone: any; status: string; total: any; itemCount: any; createdAt: Date; updatedAt: Date; }[]' is not assignable to type 'OrderData[]'.
  Type '{ id: number; reference: string; buyerContactEmail: any; buyerContactPhone: any; status: string; total: any; itemCount: any; createdAt: Date; updatedAt: Date; }' is not assignable to type 'OrderData'.
    Types of property 'id' are incompatible.
      Type 'number' is not assignable to type 'string'.
src/app/admin/_actions/orders.ts(38,32): error TS2339: Property 'buyerContactEmail' does not exist on type '{ id: number; createdAt: Date; updatedAt: Date; userId: number; status: QuoteStatus; notes: string; reference: string; totalAmount: Decimal; internalNotes: string; validUntil: Date; acceptedAt: Date; rejectedAt: Date; rejectionReason: string; }'.
src/app/admin/_actions/orders.ts(39,32): error TS2339: Property 'buyerContactPhone' does not exist on type '{ id: number; createdAt: Date; updatedAt: Date; userId: number; status: QuoteStatus; notes: string; reference: string; totalAmount: Decimal; internalNotes: string; validUntil: Date; acceptedAt: Date; rejectedAt: Date; rejectionReason: string; }'.
src/app/admin/_actions/orders.ts(41,20): error TS2339: Property 'total' does not exist on type '{ id: number; createdAt: Date; updatedAt: Date; userId: number; status: QuoteStatus; notes: string; reference: string; totalAmount: Decimal; internalNotes: string; validUntil: Date; acceptedAt: Date; rejectedAt: Date; rejectionReason: string; }'.
src/app/admin/_actions/orders.ts(42,24): error TS2339: Property 'lines' does not exist on type '{ id: number; createdAt: Date; updatedAt: Date; userId: number; status: QuoteStatus; notes: string; reference: string; totalAmount: Decimal; internalNotes: string; validUntil: Date; acceptedAt: Date; rejectedAt: Date; rejectionReason: string; }'.
src/app/admin/_actions/orders.ts(60,33): error TS2820: Type '"accepted"' is not assignable to type 'QuoteStatus'. Did you mean '"ACCEPTED"'?
src/app/admin/_actions/orders.ts(60,45): error TS2322: Type '"completed"' is not assignable to type 'QuoteStatus'.
src/app/admin/_actions/orders.ts(63,17): error TS2353: Object literal may only specify known properties, and 'total' does not exist in type 'QuotesSumAggregateInputType'.
src/app/admin/_actions/orders.ts(64,33): error TS2820: Type '"accepted"' is not assignable to type 'QuoteStatus'. Did you mean '"ACCEPTED"'?
src/app/admin/_actions/orders.ts(64,45): error TS2322: Type '"completed"' is not assignable to type 'QuoteStatus'.
src/app/admin/_actions/orders.ts(72,35): error TS2339: Property 'total' does not exist on type '{ id?: number; totalAmount?: Decimal; userId?: number; }'.
src/app/admin/_actions/products.ts(120,59): error TS2353: Object literal may only specify known properties, and 'inStock' does not exist in type '(Without<productsUpdateInput, productsUncheckedUpdateInput> & productsUncheckedUpdateInput) | (Without<...> & productsUpdateInput)'.
src/app/admin/_actions/products.ts(120,76): error TS2339: Property 'inStock' does not exist on type '{ id: number; isActive: boolean; createdAt: Date; updatedAt: Date; name: string; slug: string; description: string; sku: string; price: Decimal; costPrice: Decimal; ... 16 more ...; unit: string; }'.
src/app/admin/_actions/quotes.ts(20,16): error TS2322: Type 'string' is not assignable to type 'number'.
src/app/admin/_actions/quotes.ts(22,9): error TS2820: Type '"accepted"' is not assignable to type 'QuoteStatus | EnumQuoteStatusFieldUpdateOperationsInput'. Did you mean '"ACCEPTED"'?
src/app/admin/_actions/quotes.ts(56,16): error TS2322: Type 'string' is not assignable to type 'number'.
src/app/admin/_actions/quotes.ts(58,9): error TS2820: Type '"rejected"' is not assignable to type 'QuoteStatus | EnumQuoteStatusFieldUpdateOperationsInput'. Did you mean '"REJECTED"'?
src/app/admin/_actions/quotes.ts(97,16): error TS2322: Type 'string' is not assignable to type 'number'.
src/app/admin/_actions/quotes.ts(99,9): error TS2322: Type 'string' is not assignable to type 'QuoteStatus | EnumQuoteStatusFieldUpdateOperationsInput'.
src/app/admin/_actions/quotes.ts(123,16): error TS2322: Type 'string' is not assignable to type 'number'.
src/app/admin/_actions/quotes.ts(124,18): error TS2561: Object literal may only specify known properties, but 'user' does not exist in type 'quotesInclude<DefaultArgs>'. Did you mean to write 'users'?
src/app/admin/_actions/quotes.ts(136,9): error TS2353: Object literal may only specify known properties, and 'data' does not exist in type '(Without<analytics_eventsCreateInput, analytics_eventsUncheckedCreateInput> & analytics_eventsUncheckedCreateInput) | (Without<...> & analytics_eventsCreateInput)'.
src/app/admin/_actions/quotes.ts(167,16): error TS2322: Type 'string' is not assignable to type 'number'.
src/app/admin/_actions/quotes.ts(175,9): error TS2353: Object literal may only specify known properties, and 'data' does not exist in type '(Without<analytics_eventsCreateInput, analytics_eventsUncheckedCreateInput> & analytics_eventsUncheckedCreateInput) | (Without<...> & analytics_eventsCreateInput)'.
src/app/admin/_actions/stock.ts(22,14): error TS2551: Property 'stockMovement' does not exist on type 'Omit<PrismaClient<PrismaClientOptions, never, DefaultArgs>, "$connect" | "$disconnect" | "$on" | "$transaction" | "$use" | "$extends">'. Did you mean 'stock_movements'?
src/app/admin/_actions/stock.ts(31,14): error TS2551: Property 'product' does not exist on type 'Omit<PrismaClient<PrismaClientOptions, never, DefaultArgs>, "$connect" | "$disconnect" | "$on" | "$transaction" | "$use" | "$extends">'. Did you mean 'products'?
src/app/admin/_actions/tracking.ts(97,9): error TS2353: Object literal may only specify known properties, and 'metadata' does not exist in type '(Without<newsletter_subscribersCreateInput, newsletter_subscribersUncheckedCreateInput> & newsletter_subscribersUncheckedCreateInput) | (Without<...> & newsletter_subscribersCreateInput)'.
src/app/admin/_actions/tracking.ts(163,9): error TS2353: Object literal may only specify known properties, and 'ipAddress' does not exist in type '(Without<product_viewsCreateInput, product_viewsUncheckedCreateInput> & product_viewsUncheckedCreateInput) | (Without<...> & product_viewsCreateInput)'.
src/app/admin/_actions/tracking.ts(222,9): error TS2322: Type 'string' is not assignable to type 'NotificationType'.
src/app/admin/_actions/users.ts(117,41): error TS2339: Property 'RECENT_USERS' does not exist on type '{ products: (id?: string) => string; brands: string; categories: string; companies: string; user: (id: string) => string; dashboard: { activities: (offset?: number, limit?: number) => string; stats: string; quotes: (offset?: number, limit?: number) => string; users: (offset?: number, limit?: number) => string; newsl...'.
src/app/admin/_actions/users.ts(145,41): error TS2339: Property 'RECENT_USERS' does not exist on type '{ products: (id?: string) => string; brands: string; categories: string; companies: string; user: (id: string) => string; dashboard: { activities: (offset?: number, limit?: number) => string; stats: string; quotes: (offset?: number, limit?: number) => string; users: (offset?: number, limit?: number) => string; newsl...'.
src/app/admin/_actions/users.ts(172,41): error TS2339: Property 'RECENT_USERS' does not exist on type '{ products: (id?: string) => string; brands: string; categories: string; companies: string; user: (id: string) => string; dashboard: { activities: (offset?: number, limit?: number) => string; stats: string; quotes: (offset?: number, limit?: number) => string; users: (offset?: number, limit?: number) => string; newsl...'.
src/app/admin/_actions/users.ts(195,41): error TS2339: Property 'RECENT_USERS' does not exist on type '{ products: (id?: string) => string; brands: string; categories: string; companies: string; user: (id: string) => string; dashboard: { activities: (offset?: number, limit?: number) => string; stats: string; quotes: (offset?: number, limit?: number) => string; users: (offset?: number, limit?: number) => string; newsl...'.
src/app/admin/_actions/users.ts(221,41): error TS2339: Property 'RECENT_USERS' does not exist on type '{ products: (id?: string) => string; brands: string; categories: string; companies: string; user: (id: string) => string; dashboard: { activities: (offset?: number, limit?: number) => string; stats: string; quotes: (offset?: number, limit?: number) => string; users: (offset?: number, limit?: number) => string; newsl...'.
src/app/admin/_actions/users.ts(280,41): error TS2339: Property 'RECENT_USERS' does not exist on type '{ products: (id?: string) => string; brands: string; categories: string; companies: string; user: (id: string) => string; dashboard: { activities: (offset?: number, limit?: number) => string; stats: string; quotes: (offset?: number, limit?: number) => string; users: (offset?: number, limit?: number) => string; newsl...'.
src/app/admin/_components/QuoteMessaging.tsx(125,44): error TS2367: This comparison appears to be unintentional because the types '"customer" | "admin"' and '"ADMIN"' have no overlap.
src/app/admin/_components/QuoteMessaging.tsx(129,23): error TS2367: This comparison appears to be unintentional because the types '"customer" | "admin"' and '"ADMIN"' have no overlap.
src/app/admin/_components/QuoteMessaging.tsx(139,37): error TS2367: This comparison appears to be unintentional because the types '"customer" | "admin"' and '"ADMIN"' have no overlap.
src/app/admin/_services/analytics.service.ts(108,5): error TS2345: Argument of type '{ ttl: any; }' is not assignable to parameter of type 'number'.
src/app/admin/_services/analytics.service.ts(108,22): error TS2551: Property 'MEDIUM' does not exist on type '{ short: number; medium: number; long: number; day: number; dashboard: { realtime: number; stats: number; }; }'. Did you mean 'medium'?
src/app/admin/_services/analytics.service.ts(134,18): error TS2561: Object literal may only specify known properties, but 'user' does not exist in type 'analytics_eventsInclude<DefaultArgs>'. Did you mean to write 'users'?
src/app/admin/_services/analytics.service.ts(144,15): error TS2339: Property 'user' does not exist on type '{ id: number; createdAt: Date; userId: number; eventType: string; eventData: JsonValue; ipAddress: string; userAgent: string; }'.
src/app/admin/_services/form-tracking.service.ts(41,7): error TS2345: Argument of type '"new_form"' is not assignable to parameter of type 'AdminNotificationType'.
src/app/admin/_services/form-tracking.service.ts(96,18): error TS2353: Object literal may only specify known properties, and 'submittedAt' does not exist in type 'form_submissionsOrderByWithRelationInput | form_submissionsOrderByWithRelationInput[]'.
src/app/admin/_services/form-tracking.service.ts(101,9): error TS2353: Object literal may only specify known properties, and 'submittedAt' does not exist in type 'form_submissionsSelect<DefaultArgs>'.
src/app/admin/_services/newsletter.service.ts(26,19): error TS2339: Property 'NEWSLETTER_SUBSCRIBERS' does not exist on type '{ products: (id?: string) => string; brands: string; categories: string; companies: string; user: (id: string) => string; dashboard: { activities: (offset?: number, limit?: number) => string; stats: string; quotes: (offset?: number, limit?: number) => string; users: (offset?: number, limit?: number) => string; newsl...'.
src/app/admin/_services/newsletter.service.ts(42,5): error TS2345: Argument of type '{ ttl: any; }' is not assignable to parameter of type 'number'.
src/app/admin/_services/newsletter.service.ts(42,22): error TS2551: Property 'SHORT' does not exist on type '{ short: number; medium: number; long: number; day: number; dashboard: { realtime: number; stats: number; }; }'. Did you mean 'short'?
src/app/admin/_services/newsletter.service.ts(102,59): error TS2353: Object literal may only specify known properties, and 'updatedAt' does not exist in type '(Without<newsletter_subscribersUpdateInput, newsletter_subscribersUncheckedUpdateInput> & newsletter_subscribersUncheckedUpdateInput) | (Without<...> & newsletter_subscribersUpdateInput)'.
src/app/admin/_services/newsletter.service.ts(104,44): error TS2339: Property 'NEWSLETTER_SUBSCRIBERS' does not exist on type '{ products: (id?: string) => string; brands: string; categories: string; companies: string; user: (id: string) => string; dashboard: { activities: (offset?: number, limit?: number) => string; stats: string; quotes: (offset?: number, limit?: number) => string; users: (offset?: number, limit?: number) => string; newsl...'.
src/app/admin/_services/newsletter.service.ts(114,52): error TS2353: Object literal may only specify known properties, and 'updatedAt' does not exist in type '(Without<newsletter_subscribersUpdateInput, newsletter_subscribersUncheckedUpdateInput> & newsletter_subscribersUncheckedUpdateInput) | (Without<...> & newsletter_subscribersUpdateInput)'.
src/app/admin/_services/newsletter.service.ts(116,44): error TS2339: Property 'NEWSLETTER_SUBSCRIBERS' does not exist on type '{ products: (id?: string) => string; brands: string; categories: string; companies: string; user: (id: string) => string; dashboard: { activities: (offset?: number, limit?: number) => string; stats: string; quotes: (offset?: number, limit?: number) => string; users: (offset?: number, limit?: number) => string; newsl...'.
src/app/admin/_services/newsletter.service.ts(125,44): error TS2339: Property 'NEWSLETTER_SUBSCRIBERS' does not exist on type '{ products: (id?: string) => string; brands: string; categories: string; companies: string; user: (id: string) => string; dashboard: { activities: (offset?: number, limit?: number) => string; stats: string; quotes: (offset?: number, limit?: number) => string; users: (offset?: number, limit?: number) => string; newsl...'.
src/app/admin/_services/product.service.ts(53,19): error TS2339: Property 'PRODUCTS_LIST' does not exist on type '{ products: (id?: string) => string; brands: string; categories: string; companies: string; user: (id: string) => string; dashboard: { activities: (offset?: number, limit?: number) => string; stats: string; quotes: (offset?: number, limit?: number) => string; users: (offset?: number, limit?: number) => string; newsl...'.
src/app/admin/_services/product.service.ts(76,5): error TS2345: Argument of type '{ ttl: any; }' is not assignable to parameter of type 'number'.
src/app/admin/_services/product.service.ts(76,22): error TS2551: Property 'SHORT' does not exist on type '{ short: number; medium: number; long: number; day: number; dashboard: { realtime: number; stats: number; }; }'. Did you mean 'short'?
src/app/admin/_services/product.service.ts(210,39): error TS2339: Property 'PRODUCTS_LIST' does not exist on type '{ products: (id?: string) => string; brands: string; categories: string; companies: string; user: (id: string) => string; dashboard: { activities: (offset?: number, limit?: number) => string; stats: string; quotes: (offset?: number, limit?: number) => string; users: (offset?: number, limit?: number) => string; newsl...'.
src/app/admin/_services/product.service.ts(225,39): error TS2339: Property 'PRODUCTS_LIST' does not exist on type '{ products: (id?: string) => string; brands: string; categories: string; companies: string; user: (id: string) => string; dashboard: { activities: (offset?: number, limit?: number) => string; stats: string; quotes: (offset?: number, limit?: number) => string; users: (offset?: number, limit?: number) => string; newsl...'.
src/app/admin/_services/product.service.ts(265,81): error TS1064: The return type of an async function or method must be the global Promise<T> type. Did you mean to write 'Promise<{ valid: boolean; errors: string[]; }>'?
src/app/admin/_services/product.service.ts(358,41): error TS2339: Property 'PRODUCTS_LIST' does not exist on type '{ products: (id?: string) => string; brands: string; categories: string; companies: string; user: (id: string) => string; dashboard: { activities: (offset?: number, limit?: number) => string; stats: string; quotes: (offset?: number, limit?: number) => string; users: (offset?: number, limit?: number) => string; newsl...'.
src/app/admin/_services/product.service.ts(497,41): error TS2339: Property 'PRODUCTS_LIST' does not exist on type '{ products: (id?: string) => string; brands: string; categories: string; companies: string; user: (id: string) => string; dashboard: { activities: (offset?: number, limit?: number) => string; stats: string; quotes: (offset?: number, limit?: number) => string; users: (offset?: number, limit?: number) => string; newsl...'.
src/app/admin/_services/product.service.ts(551,41): error TS2339: Property 'PRODUCTS_LIST' does not exist on type '{ products: (id?: string) => string; brands: string; categories: string; companies: string; user: (id: string) => string; dashboard: { activities: (offset?: number, limit?: number) => string; stats: string; quotes: (offset?: number, limit?: number) => string; users: (offset?: number, limit?: number) => string; newsl...'.
src/app/admin/_services/quote-tracking.service.ts(40,7): error TS2345: Argument of type '"quote_request"' is not assignable to parameter of type 'AdminNotificationType'.
src/app/admin/_services/quote-tracking.service.ts(79,7): error TS2345: Argument of type '"quote_status_change"' is not assignable to parameter of type 'AdminNotificationType'.
src/app/admin/_services/quote-tracking.service.ts(110,38): error TS2820: Type '"accepted"' is not assignable to type 'QuoteStatus | EnumQuoteStatusFilter<"quotes">'. Did you mean '"ACCEPTED"'?
src/app/admin/_services/quote-tracking.service.ts(111,38): error TS2820: Type '"rejected"' is not assignable to type 'QuoteStatus | EnumQuoteStatusFilter<"quotes">'. Did you mean '"REJECTED"'?
src/app/admin/_services/quote.service.ts(30,19): error TS2339: Property 'RECENT_QUOTES' does not exist on type '{ products: (id?: string) => string; brands: string; categories: string; companies: string; user: (id: string) => string; dashboard: { activities: (offset?: number, limit?: number) => string; stats: string; quotes: (offset?: number, limit?: number) => string; users: (offset?: number, limit?: number) => string; newsl...'.
src/app/admin/_services/quote.service.ts(49,5): error TS2345: Argument of type '{ ttl: any; }' is not assignable to parameter of type 'number'.
src/app/admin/_services/quote.service.ts(49,22): error TS2551: Property 'SHORT' does not exist on type '{ short: number; medium: number; long: number; day: number; dashboard: { realtime: number; stats: number; }; }'. Did you mean 'short'?
src/app/admin/_services/quote.service.ts(92,9): error TS2561: Object literal may only specify known properties, but 'quoteLines' does not exist in type 'quotesInclude<DefaultArgs>'. Did you mean to write 'quote_lines'?
src/app/admin/_services/quote.service.ts(106,19): error TS2339: Property 'user' does not exist on type '{ id: number; createdAt: Date; updatedAt: Date; userId: number; status: QuoteStatus; notes: string; reference: string; totalAmount: Decimal; internalNotes: string; validUntil: Date; acceptedAt: Date; rejectedAt: Date; rejectionReason: string; }'.
src/app/admin/_services/quote.service.ts(107,26): error TS2339: Property 'quoteLines' does not exist on type '{ id: number; createdAt: Date; updatedAt: Date; userId: number; status: QuoteStatus; notes: string; reference: string; totalAmount: Decimal; internalNotes: string; validUntil: Date; acceptedAt: Date; rejectedAt: Date; rejectionReason: string; }'.
src/app/admin/_services/quote.service.ts(126,45): error TS2339: Property 'RECENT_QUOTES' does not exist on type '{ products: (id?: string) => string; brands: string; categories: string; companies: string; user: (id: string) => string; dashboard: { activities: (offset?: number, limit?: number) => string; stats: string; quotes: (offset?: number, limit?: number) => string; users: (offset?: number, limit?: number) => string; newsl...'.
src/app/admin/_services/quote.service.ts(142,11): error TS2339: Property 'lines' does not exist on type '{ id: string; reference: string; status: QuoteStatus; totalAmount: number; createdAt: Date; updatedAt: Date; user: any; quote_lines: any; }'.
src/app/admin/_services/user-tracking.service.ts(36,7): error TS2345: Argument of type '"user_registration"' is not assignable to parameter of type 'AdminNotificationType'.
src/app/admin/_services/user.service.ts(28,19): error TS2339: Property 'RECENT_USERS' does not exist on type '{ products: (id?: string) => string; brands: string; categories: string; companies: string; user: (id: string) => string; dashboard: { activities: (offset?: number, limit?: number) => string; stats: string; quotes: (offset?: number, limit?: number) => string; users: (offset?: number, limit?: number) => string; newsl...'.
src/app/admin/_services/user.service.ts(45,5): error TS2345: Argument of type '{ ttl: any; }' is not assignable to parameter of type 'number'.
src/app/admin/_services/user.service.ts(45,22): error TS2551: Property 'SHORT' does not exist on type '{ short: number; medium: number; long: number; day: number; dashboard: { realtime: number; stats: number; }; }'. Did you mean 'short'?
src/app/admin/_services/user.service.ts(101,21): error TS2551: Property 'company' does not exist on type '{ companies: { name: string; }; _count: { quotes: number; }; } & { id: number; email: string; password: string; firstName: string; lastName: string; companyName: string; companyPhone: string; businessType: string; ... 12 more ...; companyId: number; }'. Did you mean 'companyId'?
src/app/admin/_services/user.service.ts(124,45): error TS2339: Property 'RECENT_USERS' does not exist on type '{ products: (id?: string) => string; brands: string; categories: string; companies: string; user: (id: string) => string; dashboard: { activities: (offset?: number, limit?: number) => string; stats: string; quotes: (offset?: number, limit?: number) => string; users: (offset?: number, limit?: number) => string; newsl...'.
src/app/admin/_services/user.service.ts(139,45): error TS2339: Property 'RECENT_USERS' does not exist on type '{ products: (id?: string) => string; brands: string; categories: string; companies: string; user: (id: string) => string; dashboard: { activities: (offset?: number, limit?: number) => string; stats: string; quotes: (offset?: number, limit?: number) => string; users: (offset?: number, limit?: number) => string; newsl...'.
src/app/admin/customers/[id]/edit/page.tsx(14,33): error TS2339: Property 'customer' does not exist on type 'PrismaClient<PrismaClientOptions, never, DefaultArgs>'.
src/app/admin/customers/_components/customer-form.tsx(8,10): error TS2305: Module '"@prisma/client"' has no exported member 'Customer'.
src/app/admin/products/[id]/stock/page.tsx(28,7): error TS2561: Object literal may only specify known properties, but 'stockMovements' does not exist in type 'productsInclude<DefaultArgs>'. Did you mean to write 'stock_movements'?
src/app/admin/products/[id]/stock/page.tsx(81,28): error TS2339: Property 'stockMovements' does not exist on type '{ id: number; isActive: boolean; createdAt: Date; updatedAt: Date; name: string; slug: string; description: string; sku: string; price: Decimal; costPrice: Decimal; ... 16 more ...; unit: string; }'.
src/app/admin/products/_components/product-form.tsx(10,10): error TS2724: '"@prisma/client"' has no exported member named 'Product'. Did you mean 'products'?
src/app/admin/quotes/QuotesClient.tsx(221,65): error TS2339: Property 'lines' does not exist on type 'Quote'.
src/app/admin/quotes/QuotesClient.tsx(224,100): error TS2345: Argument of type 'number' is not assignable to parameter of type 'string'.
src/app/admin/quotes/QuotesClient.tsx(245,110): error TS2345: Argument of type 'number' is not assignable to parameter of type 'string'.
src/app/admin/quotes/QuotesClient.tsx(288,27): error TS2339: Property 'lines' does not exist on type 'Quote'.
src/app/admin/quotes/page.tsx(19,7): error TS2561: Object literal may only specify known properties, but 'quoteLines' does not exist in type 'quotesInclude<DefaultArgs>'. Did you mean to write 'quote_lines'?
src/app/admin/quotes/page.tsx(34,17): error TS2339: Property 'user' does not exist on type '{ id: number; createdAt: Date; updatedAt: Date; userId: number; status: QuoteStatus; notes: string; reference: string; totalAmount: Decimal; internalNotes: string; validUntil: Date; acceptedAt: Date; rejectedAt: Date; rejectionReason: string; }'.
src/app/admin/quotes/page.tsx(35,24): error TS2339: Property 'quoteLines' does not exist on type '{ id: number; createdAt: Date; updatedAt: Date; userId: number; status: QuoteStatus; notes: string; reference: string; totalAmount: Decimal; internalNotes: string; validUntil: Date; acceptedAt: Date; rejectedAt: Date; rejectionReason: string; }'.
src/app/admin/users/page.tsx(28,19): error TS2551: Property 'company' does not exist on type '{ companies: { name: string; }; _count: { quotes: number; }; } & { id: number; email: string; password: string; firstName: string; lastName: string; companyName: string; companyPhone: string; businessType: string; ... 12 more ...; companyId: number; }'. Did you mean 'companyId'?
src/app/api/admin/activities/route.ts(45,24): error TS2551: Property 'user' does not exist on type '{ users: { id: number; email: string; firstName: string; lastName: string; companies: { name: string; }; }; } & { id: number; createdAt: Date; userId: number; eventType: string; eventData: JsonValue; ipAddress: string; userAgent: string; }'. Did you mean 'users'?
src/app/api/admin/activities/route.ts(46,23): error TS2551: Property 'user' does not exist on type '{ users: { id: number; email: string; firstName: string; lastName: string; companies: { name: string; }; }; } & { id: number; createdAt: Date; userId: number; eventType: string; eventData: JsonValue; ipAddress: string; userAgent: string; }'. Did you mean 'users'?
src/app/api/admin/activities/route.ts(46,39): error TS2551: Property 'user' does not exist on type '{ users: { id: number; email: string; firstName: string; lastName: string; companies: { name: string; }; }; } & { id: number; createdAt: Date; userId: number; eventType: string; eventData: JsonValue; ipAddress: string; userAgent: string; }'. Did you mean 'users'?
src/app/api/admin/activities/route.ts(46,69): error TS2551: Property 'user' does not exist on type '{ users: { id: number; email: string; firstName: string; lastName: string; companies: { name: string; }; }; } & { id: number; createdAt: Date; userId: number; eventType: string; eventData: JsonValue; ipAddress: string; userAgent: string; }'. Did you mean 'users'?
src/app/api/admin/customers/[id]/quotes/route.ts(25,32): error TS2820: Type '"customer"' is not assignable to type 'UserRole | EnumUserRoleFilter<"users">'. Did you mean '"CUSTOMER"'?
src/app/api/admin/customers/[id]/quotes/route.ts(40,11): error TS2353: Object literal may only specify known properties, and 'lines' does not exist in type 'quotesInclude<DefaultArgs>'.
src/app/api/admin/customers/[id]/route.ts(23,9): error TS2820: Type '"customer"' is not assignable to type 'UserRole | EnumUserRoleFilter<"users">'. Did you mean '"CUSTOMER"'?
src/app/api/admin/customers/[id]/route.ts(38,13): error TS2353: Object literal may only specify known properties, and 'lines' does not exist in type 'quotesInclude<DefaultArgs>'.
src/app/api/admin/customers/[id]/route.ts(46,17): error TS2561: Object literal may only specify known properties, but 'product' does not exist in type 'cart_itemsInclude<DefaultArgs>'. Did you mean to write 'products'?
src/app/api/admin/customers/[id]/route.ts(72,38): error TS2339: Property 'carts' does not exist on type '{ id: number; email: string; password: string; firstName: string; lastName: string; companyName: string; companyPhone: string; businessType: string; businessRegistration: string; phone: string; ... 10 more ...; companyId: number; }'.
src/app/api/admin/customers/data/route.ts(34,11): error TS2820: Type '"customer"' is not assignable to type 'UserRole | EnumUserRoleFilter<"users">'. Did you mean '"CUSTOMER"'?
src/app/api/admin/customers/data/route.ts(60,19): error TS2561: Object literal may only specify known properties, but 'product' does not exist in type 'cart_itemsInclude<DefaultArgs>'. Did you mean to write 'products'?
src/app/api/admin/customers/data/route.ts(81,15): error TS2353: Object literal may only specify known properties, and 'lines' does not exist in type 'quotesInclude<DefaultArgs>'.
src/app/api/admin/customers/data/route.ts(97,40): error TS2339: Property 'carts' does not exist on type '{ id: number; email: string; password: string; firstName: string; lastName: string; companyName: string; companyPhone: string; businessType: string; businessRegistration: string; phone: string; ... 10 more ...; companyId: number; }'.
src/app/api/admin/customers/data/route.ts(107,38): error TS2339: Property 'quotes' does not exist on type '{ id: number; email: string; password: string; firstName: string; lastName: string; companyName: string; companyPhone: string; businessType: string; businessRegistration: string; phone: string; ... 10 more ...; companyId: number; }'.
src/app/api/admin/customers/data/route.ts(175,19): error TS2561: Object literal may only specify known properties, but 'product' does not exist in type 'cart_itemsSelect<DefaultArgs>'. Did you mean to write 'products'?
src/app/api/admin/customers/data/route.ts(195,34): error TS2339: Property 'carts' does not exist on type '{ id: number; email: string; password: string; firstName: string; lastName: string; companyName: string; companyPhone: string; businessType: string; businessRegistration: string; phone: string; ... 10 more ...; companyId: number; }'.
src/app/api/admin/customers/data/route.ts(200,38): error TS2339: Property 'carts' does not exist on type '{ id: number; email: string; password: string; firstName: string; lastName: string; companyName: string; companyPhone: string; businessType: string; businessRegistration: string; phone: string; ... 10 more ...; companyId: number; }'.
src/app/api/admin/customers/data/route.ts(216,32): error TS2339: Property '_count' does not exist on type '{ id: number; email: string; password: string; firstName: string; lastName: string; companyName: string; companyPhone: string; businessType: string; businessRegistration: string; phone: string; ... 10 more ...; companyId: number; }'.
src/app/api/admin/customers/data/route.ts(217,29): error TS2339: Property '_count' does not exist on type '{ id: number; email: string; password: string; firstName: string; lastName: string; companyName: string; companyPhone: string; businessType: string; businessRegistration: string; phone: string; ... 10 more ...; companyId: number; }'.
src/app/api/admin/customers/data/route.ts(218,30): error TS2339: Property '_count' does not exist on type '{ id: number; email: string; password: string; firstName: string; lastName: string; companyName: string; companyPhone: string; businessType: string; businessRegistration: string; phone: string; ... 10 more ...; companyId: number; }'.
src/app/api/admin/customers/data/route.ts(245,62): error TS2339: Property '_count' does not exist on type '{ id: number; email: string; password: string; firstName: string; lastName: string; companyName: string; companyPhone: string; businessType: string; businessRegistration: string; phone: string; ... 10 more ...; companyId: number; }'.
src/app/api/admin/customers/data/route.ts(246,59): error TS2339: Property '_count' does not exist on type '{ id: number; email: string; password: string; firstName: string; lastName: string; companyName: string; companyPhone: string; businessType: string; businessRegistration: string; phone: string; ... 10 more ...; companyId: number; }'.
src/app/api/admin/customers/route.ts(23,31): error TS2724: '"/app/node_modules/.prisma/client/index".Prisma' has no exported member named 'UserWhereInput'. Did you mean 'usersWhereInput'?
src/app/api/admin/customers/route.ts(52,15): error TS2353: Object literal may only specify known properties, and 'total' does not exist in type 'quotesSelect<DefaultArgs>'.
src/app/api/admin/customers/route.ts(67,19): error TS2561: Object literal may only specify known properties, but 'product' does not exist in type 'cart_itemsSelect<DefaultArgs>'. Did you mean to write 'products'?
src/app/api/admin/errors/route.ts(51,28): error TS2304: Cannot find name 'getServerSession'.
src/app/api/admin/errors/route.ts(65,9): error TS2353: Object literal may only specify known properties, and 'sourceMap' does not exist in type '(Without<error_logsCreateInput, error_logsUncheckedCreateInput> & error_logsUncheckedCreateInput) | (Without<...> & error_logsCreateInput)'.
src/app/api/admin/errors/route.ts(79,29): error TS2339: Property 'timestamp' does not exist on type '{ id: number; createdAt: Date; updatedAt: Date; userId: string; message: string; userAgent: string; version: string; url: string; environment: string; stack: string; context: JsonValue; severity: string; sessionId: string; breadcrumbs: JsonValue; }'.
src/app/api/admin/errors/route.ts(117,28): error TS2304: Cannot find name 'getServerSession'.
src/app/api/admin/errors/route.ts(141,20): error TS2353: Object literal may only specify known properties, and 'timestamp' does not exist in type 'error_logsOrderByWithRelationInput | error_logsOrderByWithRelationInput[]'.
src/app/api/admin/errors/route.ts(185,28): error TS2304: Cannot find name 'getServerSession'.
src/app/api/admin/errors/route.ts(205,16): error TS2322: Type 'string' is not assignable to type 'number'.
src/app/api/admin/export/route.ts(72,28): error TS2304: Cannot find name 'getServerSession'.
src/app/api/admin/export/route.ts(114,13): error TS2353: Object literal may only specify known properties, and 'total' does not exist in type 'quotesSelect<DefaultArgs>'.
src/app/api/admin/export/route.ts(131,13): error TS2353: Object literal may only specify known properties, and 'stock' does not exist in type 'productsSelect<DefaultArgs>'.
src/app/api/admin/export/route.ts(190,28): error TS2304: Cannot find name 'getServerSession'.
src/app/api/admin/forms/route.ts(28,9): error TS2554: Expected 1 arguments, but got 3.
src/app/api/admin/forms/route.ts(34,9): error TS2322: Type 'string' is not assignable to type 'number'.
src/app/api/admin/forms/route.ts(94,7): error TS2322: Type 'string' is not assignable to type 'number'.
src/app/api/admin/newsletter/route.ts(27,9): error TS2322: Type 'string' is not assignable to type 'number'.
src/app/api/admin/newsletter/route.ts(42,9): error TS2322: Type 'string' is not assignable to type 'number'.
src/app/api/admin/newsletter/route.ts(64,9): error TS2322: Type 'string' is not assignable to type 'number'.
src/app/api/admin/newsletter/route.ts(95,9): error TS2322: Type 'string' is not assignable to type 'number'.
src/app/api/admin/newsletter/route.ts(154,7): error TS2322: Type 'string' is not assignable to type 'number'.
src/app/api/admin/quote-messages/route.ts(30,16): error TS2322: Type 'string' is not assignable to type 'number | IntFilter<"quote_messages">'.
src/app/api/admin/quote-messages/route.ts(36,16): error TS2322: Type 'string' is not assignable to type 'number | IntFilter<"quote_messages">'.
src/app/api/admin/quotes/route.ts(28,9): error TS2322: Type 'string' is not assignable to type 'number'.
src/app/api/admin/quotes/route.ts(39,9): error TS2322: Type 'string' is not assignable to type 'number'.
src/app/api/admin/quotes/route.ts(50,9): error TS2322: Type 'string' is not assignable to type 'number'.
src/app/api/admin/quotes/route.ts(83,7): error TS2322: Type 'string' is not assignable to type 'number'.
src/app/api/admin/stats/route.ts(30,32): error TS2551: Property 'user' does not exist on type '{ users: { firstName: string; lastName: string; }; id: number; createdAt: Date; eventType: string; }'. Did you mean 'users'?
src/app/api/forms/submit/route.ts(172,9): error TS2554: Expected 3-4 arguments, but got 5.
src/app/api/quote-requests/route.ts(93,11): error TS2554: Expected 3-4 arguments, but got 5.
src/app/api/v1/rfq/submit/route.tsx(63,11): error TS2322: Type '"NEW_QUOTE_REQUEST"' is not assignable to type 'NotificationType'.
src/app/api/webhooks/whatsapp/route.ts(54,9): error TS2322: Type 'string' is not assignable to type 'number'.
src/app/auth/choose-role/choose-role-content.tsx(199,13): error TS2367: This comparison appears to be unintentional because the types '"customer" | "admin"' and '"ADMIN"' have no overlap.
src/components/shop-by-brand.tsx(60,38): error TS2352: Conversion of type '{ id: string; isActive: boolean; createdAt: Date; updatedAt: Date; name: string; slug: string; website: string; description: string; logo: string; isFeatured: boolean; }[]' to type 'Brand[]' may be a mistake because neither type sufficiently overlaps with the other. If this was intentional, convert the expression to 'unknown' first.
  Property 'imageUrl' is missing in type '{ id: string; isActive: boolean; createdAt: Date; updatedAt: Date; name: string; slug: string; website: string | null; description: string | null; logo: string | null; isFeatured: boolean; }' but required in type 'Brand'.
src/lib/auth/config.ts(6,15): error TS2614: Module '"next-auth"' has no exported member 'AuthOptions'. Did you mean to use 'import AuthOptions from "next-auth"' instead?
src/lib/auth/config.ts(29,5): error TS2687: All declarations of 'role' must have identical modifiers.
src/lib/auth/config.ts(85,20): error TS2322: Type 'unknown' is not assignable to type 'string'.
src/lib/auth/config.ts(88,53): error TS2769: No overload matches this call.
  Overload 1 of 2, '(password: string, hash: string): Promise<boolean>', gave the following error.
    Argument of type 'unknown' is not assignable to parameter of type 'string'.
  Overload 2 of 2, '(password: string, hash: string, callback?: Callback<boolean>, progressCallback?: ProgressCallback): void', gave the following error.
    Argument of type 'unknown' is not assignable to parameter of type 'string'.
src/lib/db/index.ts(34,5): error TS2739: Type 'PrismaPg' is missing the following properties from type 'DriverAdapter': transactionContext, queryRaw, executeRaw
src/repositories/lead.repository.ts(129,76): error TS2694: Namespace '"/app/node_modules/.prisma/client/index".Prisma' has no exported member 'LeadStatus'.
src/repositories/lead.repository.ts(144,76): error TS2694: Namespace '"/app/node_modules/.prisma/client/index".Prisma' has no exported member 'LeadSource'.
src/repositories/lead.repository.ts(159,76): error TS2694: Namespace '"/app/node_modules/.prisma/client/index".Prisma' has no exported member 'LeadStatus'.
src/repositories/user.repository.ts(71,9): error TS2322: Type '{ phone: string; }' is not assignable to type 'usersWhereUniqueInput'.
  Type '{ phone: string; }' is not assignable to type '{ id: string | number; email: string | number; } & { id?: number; email?: string; AND?: usersWhereInput | usersWhereInput[]; OR?: usersWhereInput[]; ... 31 more ...; carts?: CartsListRelationFilter; }'.
    Type '{ phone: string; }' is missing the following properties from type '{ id: string | number; email: string | number; }': id, email
src/repositories/user.repository.ts(89,11): error TS2322: Type 'string' is not assignable to type 'UserRole'.
src/repositories/user.repository.ts(102,9): error TS2322: Type 'UpdateUserInput' is not assignable to type '(Without<usersUpdateInput, usersUncheckedUpdateInput> & usersUncheckedUpdateInput) | (Without<...> & usersUpdateInput)'.
  Type 'UpdateUserInput' is not assignable to type 'Without<usersUncheckedUpdateInput, usersUpdateInput> & usersUpdateInput'.
    Types of property 'role' are incompatible.
      Type 'string' is not assignable to type 'UserRole | EnumUserRoleFieldUpdateOperationsInput'.
src/services/analytics.service.ts(54,57): error TS2345: Argument of type 'string | number' is not assignable to parameter of type 'number'.
  Type 'string' is not assignable to type 'number'.
src/services/analytics.service.ts(86,44): error TS2345: Argument of type 'string | number' is not assignable to parameter of type 'number'.
  Type 'string' is not assignable to type 'number'.
src/services/error-logging.service.ts(188,39): error TS2339: Property 'timestamp' does not exist on type '{ id: number; createdAt: Date; updatedAt: Date; userId: string; message: string; userAgent: string; version: string; url: string; environment: string; stack: string; context: JsonValue; severity: string; sessionId: string; breadcrumbs: JsonValue; }'.
src/services/lead.service.ts(12,20): error TS2724: '"/app/node_modules/.prisma/client/index".Prisma' has no exported member named 'LeadGetPayload'. Did you mean 'leadsGetPayload'?
src/services/notification.service.ts(35,7): error TS2322: Type 'string' is not assignable to type 'AdminNotificationType'.
src/services/userService.ts(2,15): error TS2724: '"@prisma/client"' has no exported member named 'User'. Did you mean 'users'?
